\BOOKMARK [1][-]{section.1}{\376\377\000W\000h\000a\000t\000\040\000c\000h\000a\000n\000g\000e\000d\000\040\000r\000e\000l\000a\000t\000i\000v\000e\000\040\000t\000o\000\040\000t\000h\000e\000\040\000o\000l\000d\000e\000r\000\040\000u\000s\000e\000r\000\040\000g\000u\000i\000d\000e}{}% 1
\BOOKMARK [1][-]{section.2}{\376\377\000Q\000u\000i\000c\000k\000\040\000s\000t\000a\000r\000t}{}% 2
\BOOKMARK [1][-]{section.3}{\376\377\000I\000n\000s\000t\000a\000l\000l\000a\000t\000i\000o\000n\000\040\000a\000n\000d\000\040\000d\000e\000p\000e\000n\000d\000e\000n\000c\000i\000e\000s}{}% 3
\BOOKMARK [1][-]{section.4}{\376\377\000P\000h\000y\000s\000i\000c\000a\000l\000\040\000m\000o\000d\000e\000l}{}% 4
\BOOKMARK [2][-]{subsection.4.1}{\376\377\000P\000h\000y\000s\000i\000c\000a\000l\000\040\000d\000e\000f\000a\000u\000l\000t\000\040\000d\000i\000m\000e\000n\000s\000i\000o\000n\000s}{section.4}% 5
\BOOKMARK [2][-]{subsection.4.2}{\376\377\000R\000e\000f\000e\000r\000e\000n\000c\000e\000\040\000f\000i\000e\000l\000d\000\040\000a\000n\000d\000\040\000n\000a\000t\000u\000r\000a\000l\000\040\000t\000i\000m\000e\000\040\000s\000c\000a\000l\000e}{section.4}% 6
\BOOKMARK [1][-]{section.5}{\376\377\000L\000a\000t\000t\000i\000c\000e\000\040\000g\000e\000o\000m\000e\000t\000r\000i\000e\000s}{}% 7
\BOOKMARK [1][-]{section.6}{\376\377\000D\000i\000p\000o\000l\000a\000r\000\040\000t\000e\000n\000s\000o\000r\000,\000\040\000c\000u\000t\000o\000f\000f\000,\000\040\000a\000n\000d\000\040\000b\000o\000u\000n\000d\000a\000r\000y\000\040\000c\000o\000n\000d\000i\000t\000i\000o\000n\000s}{}% 8
\BOOKMARK [1][-]{section.7}{\376\377\000F\000i\000e\000l\000d\000\040\000p\000r\000o\000t\000o\000c\000o\000l\000s}{}% 9
\BOOKMARK [1][-]{section.8}{\376\377\000O\000u\000t\000p\000u\000t\000\040\000f\000i\000l\000e\000s\000\040\000a\000n\000d\000\040\000d\000a\000t\000a\000\040\000p\000r\000o\000d\000u\000c\000t\000s}{}% 10
\BOOKMARK [2][-]{subsection.8.1}{\376\377\000C\000S\000V\000\040\000t\000i\000m\000e\000\040\000s\000e\000r\000i\000e\000s}{section.8}% 11
\BOOKMARK [2][-]{subsection.8.2}{\376\377\000J\000S\000O\000N\000\040\000m\000e\000t\000a\000d\000a\000t\000a}{section.8}% 12
\BOOKMARK [2][-]{subsection.8.3}{\376\377\000N\000P\000Z\000\040\000s\000t\000a\000t\000e\000\040\000f\000i\000l\000e\000s}{section.8}% 13
\BOOKMARK [2][-]{subsection.8.4}{\376\377\000A\000u\000t\000o\000m\000a\000t\000i\000c\000\040\000l\000a\000t\000t\000i\000c\000e\000\040\000P\000N\000G\000s}{section.8}% 14
\BOOKMARK [1][-]{section.9}{\376\377\000C\000o\000m\000m\000a\000n\000d\000-\000l\000i\000n\000e\000\040\000r\000e\000f\000e\000r\000e\000n\000c\000e}{}% 15
\BOOKMARK [1][-]{section.10}{\376\377\000R\000e\000c\000o\000m\000m\000e\000n\000d\000e\000d\000\040\000t\000e\000s\000t\000\040\000c\000o\000m\000m\000a\000n\000d\000s}{}% 16
\BOOKMARK [2][-]{subsection.10.1}{\376\377\000B\000a\000t\000c\000h\000\040\000t\000e\000s\000t\000\040\000o\000f\000\040\000t\000h\000e\000\040\000o\000r\000d\000i\000n\000a\000r\000y\000\040\000f\000i\000e\000l\000d\000\040\000m\000o\000d\000e\000s}{section.10}% 17
\BOOKMARK [2][-]{subsection.10.2}{\376\377\000F\000O\000R\000C\000\040\000s\000m\000o\000k\000e\000\040\000t\000e\000s\000t}{section.10}% 18
\BOOKMARK [2][-]{subsection.10.3}{\376\377\000G\000e\000o\000m\000e\000t\000r\000y\000\040\000s\000m\000o\000k\000e\000\040\000t\000e\000s\000t\000s}{section.10}% 19
\BOOKMARK [1][-]{section.11}{\376\377\000E\000x\000a\000m\000p\000l\000e\000\040\000r\000e\000s\000e\000a\000r\000c\000h\000\040\000r\000u\000n\000s}{}% 20
\BOOKMARK [2][-]{subsection.11.1}{\376\377\000H\000y\000s\000t\000e\000r\000e\000s\000i\000s\000\040\000l\000o\000o\000p\000\040\000w\000i\000t\000h\000\040\000a\000u\000t\000o\000m\000a\000t\000i\000c\000\040\000f\000i\000g\000u\000r\000e\000s}{section.11}% 21
\BOOKMARK [2][-]{subsection.11.2}{\376\377\000D\000a\000m\000p\000i\000n\000g\000\040\000c\000o\000m\000p\000a\000r\000i\000s\000o\000n}{section.11}% 22
\BOOKMARK [2][-]{subsection.11.3}{\376\377\000R\000o\000t\000a\000t\000i\000n\000g\000\040\000d\000e\000m\000a\000g\000n\000e\000t\000i\000z\000a\000t\000i\000o\000n\000\040\000f\000o\000l\000l\000o\000w\000e\000d\000\040\000b\000y\000\040\000r\000e\000l\000a\000x\000a\000t\000i\000o\000n}{section.11}% 23
\BOOKMARK [2][-]{subsection.11.4}{\376\377\000T\000r\000a\000n\000s\000p\000a\000r\000e\000n\000t\000\040\000P\000N\000G\000s\000\040\000f\000o\000r\000\040\000f\000i\000g\000u\000r\000e\000s\000\040\000o\000r\000\040\000s\000l\000i\000d\000e\000s}{section.11}% 24
\BOOKMARK [1][-]{section.12}{\376\377\000R\000e\000a\000d\000i\000n\000g\000\040\000r\000e\000s\000u\000l\000t\000s\000\040\000i\000n\000\040\000P\000y\000t\000h\000o\000n}{}% 25
\BOOKMARK [1][-]{section.13}{\376\377\000T\000r\000o\000u\000b\000l\000e\000s\000h\000o\000o\000t\000i\000n\000g}{}% 26
\BOOKMARK [2][-]{subsection.13.1}{\376\377\000T\000h\000e\000\040\000r\000u\000n\000\040\000c\000r\000e\000a\000t\000e\000s\000\040\000d\000a\000t\000a\000/\000,\000\040\000m\000e\000t\000a\000/\000,\000\040\000a\000n\000d\000\040\000s\000t\000a\000t\000e\000s\000/\000,\000\040\000b\000u\000t\000\040\000n\000o\000\040\000i\000m\000a\000g\000e\000s\000/}{section.13}% 27
\BOOKMARK [2][-]{subsection.13.2}{\376\377\000A\000\040\000c\000o\000m\000m\000a\000n\000d\000\040\000r\000e\000p\000o\000r\000t\000s\000\040\000u\000n\000r\000e\000c\000o\000g\000n\000i\000z\000e\000d\000\040\000a\000r\000g\000u\000m\000e\000n\000t\000s}{section.13}% 28
\BOOKMARK [2][-]{subsection.13.3}{\376\377\000T\000h\000e\000\040\000r\000u\000n\000\040\000i\000s\000\040\000t\000o\000o\000\040\000s\000l\000o\000w\000\040\000o\000r\000\040\000u\000s\000e\000s\000\040\000t\000o\000o\000\040\000m\000u\000c\000h\000\040\000m\000e\000m\000o\000r\000y}{section.13}% 29
\BOOKMARK [2][-]{subsection.13.4}{\376\377\000T\000h\000e\000\040\000F\000O\000R\000C\000\040\000r\000u\000n\000\040\000t\000a\000k\000e\000s\000\040\000m\000u\000c\000h\000\040\000l\000o\000n\000g\000e\000r\000\040\000t\000h\000a\000n\000\040\000e\000x\000p\000e\000c\000t\000e\000d}{section.13}% 30
\BOOKMARK [2][-]{subsection.13.5}{\376\377\000T\000h\000e\000\040\000l\000a\000t\000t\000i\000c\000e\000\040\000i\000m\000a\000g\000e\000s\000\040\000l\000o\000o\000k\000\040\000c\000r\000o\000p\000p\000e\000d\000\040\000o\000r\000\040\000t\000o\000o\000\040\000s\000m\000a\000l\000l}{section.13}% 31
\BOOKMARK [1][-]{section.14}{\376\377\000R\000e\000c\000o\000m\000m\000e\000n\000d\000e\000d\000\040\000w\000o\000r\000k\000f\000l\000o\000w}{}% 32
\BOOKMARK [1][-]{section.15}{\376\377\000S\000c\000i\000e\000n\000t\000i\000f\000i\000c\000\040\000c\000a\000v\000e\000a\000t}{}% 33
\BOOKMARK [1][-]{appendix.A}{\376\377\000C\000o\000m\000p\000l\000e\000t\000e\000\040\000m\000i\000n\000i\000m\000a\000l\000\040\000c\000o\000m\000m\000a\000n\000d\000\040\000s\000e\000t}{}% 34
\BOOKMARK [2][-]{subsection.A.1}{\376\377\000S\000t\000a\000t\000i\000c}{appendix.A}% 35
\BOOKMARK [2][-]{subsection.A.2}{\376\377\000H\000y\000s\000t\000e\000r\000e\000s\000i\000s}{appendix.A}% 36
\BOOKMARK [2][-]{subsection.A.3}{\376\377\000S\000i\000n\000u\000s\000o\000i\000d\000a\000l\000\040\000f\000i\000e\000l\000d}{appendix.A}% 37
\BOOKMARK [2][-]{subsection.A.4}{\376\377\000P\000u\000l\000s\000e}{appendix.A}% 38
\BOOKMARK [2][-]{subsection.A.5}{\376\377\000F\000O\000R\000C}{appendix.A}% 39
\BOOKMARK [2][-]{subsection.A.6}{\376\377\000R\000o\000t\000a\000t\000i\000n\000g\000\040\000d\000e\000m\000a\000g\000n\000e\000t\000i\000z\000a\000t\000i\000o\000n}{appendix.A}% 40
\BOOKMARK [1][-]{appendix.B}{\376\377\000V\000e\000r\000s\000i\000o\000n\000\040\000l\000o\000g}{}% 41
