\BOOKMARK [1][-]{section.1}{\376\377\000P\000h\000y\000s\000i\000c\000s\000\040\000\046\000\040\000T\000h\000e\000o\000r\000e\000t\000i\000c\000a\000l\000\040\000M\000o\000d\000e\000l}{}% 1
\BOOKMARK [2][-]{subsection.1.1}{\376\377\000A\000u\000t\000o\000m\000a\000t\000i\000c\000\040\000P\000h\000y\000s\000i\000c\000a\000l\000\040\000P\000a\000r\000a\000m\000e\000t\000e\000r\000\040\000C\000a\000l\000i\000b\000r\000a\000t\000i\000o\000n}{section.1}% 2
\BOOKMARK [2][-]{subsection.1.2}{\376\377\000Q\000u\000a\000l\000i\000t\000y\000\040\000F\000a\000c\000t\000o\000r\000\040\000a\000n\000d\000\040\000D\000y\000n\000a\000m\000i\000c\000a\000l\000\040\000R\000e\000g\000i\000m\000e}{section.1}% 3
\BOOKMARK [2][-]{subsection.1.3}{\376\377\000I\000n\000t\000e\000g\000r\000a\000t\000i\000o\000n\000\040\000S\000c\000h\000e\000m\000e\000\040\000a\000n\000d\000\040\000T\000i\000m\000e\000\040\000S\000t\000e\000p}{section.1}% 4
\BOOKMARK [1][-]{section.2}{\376\377\000L\000a\000t\000t\000i\000c\000e\000\040\000G\000e\000o\000m\000e\000t\000r\000y\000\040\000O\000p\000t\000i\000o\000n\000s}{}% 5
\BOOKMARK [1][-]{section.3}{\376\377\000E\000x\000t\000e\000r\000n\000a\000l\000\040\000F\000i\000e\000l\000d\000\040\000M\000o\000d\000e\000s}{}% 6
\BOOKMARK [2][-]{subsection.3.1}{\376\377\000F\000i\000r\000s\000t\000-\000O\000r\000d\000e\000r\000\040\000R\000e\000v\000e\000r\000s\000a\000l\000\040\000C\000u\000r\000v\000e\000s\000\040\000\050\000F\000O\000R\000C\000\051}{section.3}% 7
\BOOKMARK [1][-]{section.4}{\376\377\000D\000e\000m\000a\000g\000n\000e\000t\000i\000z\000a\000t\000i\000o\000n\000\040\000P\000r\000o\000t\000o\000c\000o\000l\000s}{}% 8
\BOOKMARK [2][-]{subsection.4.1}{\376\377\000B\000i\000a\000x\000i\000a\000l\000\040\000R\000o\000t\000a\000t\000i\000o\000n\000a\000l\000\040\000D\000e\000m\000a\000g\000n\000e\000t\000i\000z\000a\000t\000i\000o\000n\000\040\000\050\040\023\000d\000e\000m\000a\000g\000\040\000r\000o\000t\000a\000t\000i\000o\000n\000a\000l\000\040\000o\000r\000\040\040\023\000d\000e\000m\000a\000g\000\040\000o\000n\000\051}{section.4}% 9
\BOOKMARK [2][-]{subsection.4.2}{\376\377\000S\000i\000m\000u\000l\000a\000t\000e\000d\000\040\000T\000h\000e\000r\000m\000a\000l\000\040\000A\000n\000n\000e\000a\000l\000i\000n\000g\000\040\000\050\040\023\000d\000e\000m\000a\000g\000\040\000a\000n\000n\000e\000a\000l\000\051}{section.4}% 10
\BOOKMARK [1][-]{section.5}{\376\377\000S\000y\000s\000t\000e\000m\000\040\000R\000e\000q\000u\000i\000r\000e\000m\000e\000n\000t\000s\000\040\000\046\000\040\000A\000c\000c\000e\000l\000e\000r\000a\000t\000i\000o\000n}{}% 11
\BOOKMARK [1][-]{section.6}{\376\377\000C\000o\000m\000m\000a\000n\000d\000\040\000L\000i\000n\000e\000\040\000P\000a\000r\000a\000m\000e\000t\000e\000r\000s\000\040\000R\000e\000f\000e\000r\000e\000n\000c\000e}{}% 12
\BOOKMARK [2][-]{subsection.6.1}{\376\377\000L\000a\000t\000t\000i\000c\000e\000\040\000G\000e\000o\000m\000e\000t\000r\000y\000\040\000O\000p\000t\000i\000o\000n\000s}{section.6}% 13
\BOOKMARK [2][-]{subsection.6.2}{\376\377\000P\000h\000y\000s\000i\000c\000s\000\040\000\046\000\040\000M\000a\000t\000e\000r\000i\000a\000l\000\040\000P\000r\000o\000p\000e\000r\000t\000i\000e\000s}{section.6}% 14
\BOOKMARK [2][-]{subsection.6.3}{\376\377\000E\000x\000t\000e\000r\000n\000a\000l\000\040\000M\000a\000g\000n\000e\000t\000i\000c\000\040\000F\000i\000e\000l\000d\000\040\000O\000p\000t\000i\000o\000n\000s}{section.6}% 15
\BOOKMARK [2][-]{subsection.6.4}{\376\377\000F\000O\000R\000C\000\040\000\046\000\040\000D\000e\000m\000a\000g\000n\000e\000t\000i\000z\000a\000t\000i\000o\000n\000\040\000P\000a\000r\000a\000m\000e\000t\000e\000r\000s}{section.6}% 16
\BOOKMARK [2][-]{subsection.6.5}{\376\377\000E\000x\000e\000c\000u\000t\000i\000o\000n\000\040\000\046\000\040\000S\000t\000o\000p\000\040\000C\000o\000n\000t\000r\000o\000l\000s}{section.6}% 17
\BOOKMARK [2][-]{subsection.6.6}{\376\377\000V\000i\000s\000u\000a\000l\000i\000z\000a\000t\000i\000o\000n\000\040\000\046\000\040\000O\000u\000t\000p\000u\000t\000\040\000O\000p\000t\000i\000o\000n\000s}{section.6}% 18
\BOOKMARK [1][-]{section.7}{\376\377\000O\000u\000t\000p\000u\000t\000\040\000F\000i\000l\000e\000s\000\040\000\046\000\040\000D\000a\000t\000a\000\040\000F\000o\000r\000m\000a\000t\000s}{}% 19
\BOOKMARK [2][-]{subsection.7.1}{\376\377\000V\000i\000s\000u\000a\000l\000\040\000P\000l\000o\000t\000s\000\040\000\050\000P\000N\000G\000\051}{section.7}% 20
\BOOKMARK [2][-]{subsection.7.2}{\376\377\000D\000a\000t\000a\000\040\000L\000o\000g\000s\000\040\000\050\000C\000S\000V\000\051}{section.7}% 21
\BOOKMARK [2][-]{subsection.7.3}{\376\377\000S\000i\000m\000u\000l\000a\000t\000i\000o\000n\000\040\000V\000i\000d\000e\000o\000s\000\040\000\050\000M\000P\0004\000\051}{section.7}% 22
\BOOKMARK [1][-]{section.8}{\376\377\000S\000t\000e\000p\000-\000b\000y\000-\000S\000t\000e\000p\000\040\000P\000r\000a\000c\000t\000i\000c\000a\000l\000\040\000E\000x\000a\000m\000p\000l\000e\000s}{}% 23
\BOOKMARK [2][-]{subsection.8.1}{\376\377\000E\000x\000a\000m\000p\000l\000e\000\040\0001\000:\000\040\000B\000a\000s\000i\000c\000\040\000E\000q\000u\000i\000l\000i\000b\000r\000i\000u\000m\000\040\000R\000e\000l\000a\000x\000a\000t\000i\000o\000n\000\040\000\050\000N\000o\000\040\000F\000i\000e\000l\000d\000\051}{section.8}% 24
\BOOKMARK [2][-]{subsection.8.2}{\376\377\000E\000x\000a\000m\000p\000l\000e\000\040\0002\000:\000\040\000M\000a\000j\000o\000r\000\040\000H\000y\000s\000t\000e\000r\000e\000s\000i\000s\000\040\000L\000o\000o\000p}{section.8}% 25
\BOOKMARK [2][-]{subsection.8.3}{\376\377\000E\000x\000a\000m\000p\000l\000e\000\040\0003\000:\000\040\000R\000o\000t\000a\000t\000i\000o\000n\000a\000l\000\040\000D\000e\000m\000a\000g\000n\000e\000t\000i\000z\000a\000t\000i\000o\000n\000\040\000\046\000\040\000P\000u\000l\000s\000e}{section.8}% 26
\BOOKMARK [2][-]{subsection.8.4}{\376\377\000E\000x\000a\000m\000p\000l\000e\000\040\0004\000:\000\040\000H\000i\000g\000h\000-\000P\000e\000r\000f\000o\000r\000m\000a\000n\000c\000e\000\040\000G\000P\000U\000\040\000R\000u\000n}{section.8}% 27
\BOOKMARK [1][-]{section.9}{\376\377\000R\000u\000n\000n\000i\000n\000g\000\040\000S\000w\000e\000e\000p\000\040\000C\000a\000m\000p\000a\000i\000g\000n\000s}{}% 28
\BOOKMARK [1][-]{section.10}{\376\377\000S\000u\000m\000m\000a\000r\000y\000\040\000R\000e\000f\000e\000r\000e\000n\000c\000e\000\040\000T\000a\000b\000l\000e\000\040\000o\000f\000\040\000P\000a\000r\000a\000m\000e\000t\000e\000r\000s}{}% 29
